<?xml version="1.0" encoding="UTF-8"?>
<testng-results ignored="0" total="1" passed="1" failed="0" skipped="0">
  <reporter-output>
  </reporter-output>
  <suite started-at="2024-07-28T00:49:16 BST" name="Default suite" finished-at="2024-07-28T00:50:12 BST" duration-ms="55578">
    <groups>
    </groups>
    <test started-at="2024-07-28T00:49:16 BST" name="Default test" finished-at="2024-07-28T00:50:12 BST" duration-ms="55578">
      <class name="Assignment.BuyOneItem">
        <test-method is-config="true" signature="beforeTest()[pri:0, instance:Assignment.BuyOneItem@6b09fb41]" started-at="2024-07-28T00:49:16 BST" name="beforeTest" finished-at="2024-07-28T00:49:18 BST" duration-ms="2356" status="PASS">
          <reporter-output>
          </reporter-output>
        </test-method> <!-- beforeTest -->
        <test-method signature="BuyOneItemTestCase()[pri:0, instance:Assignment.BuyOneItem@6b09fb41]" started-at="2024-07-28T00:49:18 BST" name="BuyOneItemTestCase" finished-at="2024-07-28T00:50:11 BST" duration-ms="52890" status="PASS">
          <reporter-output>
          </reporter-output>
        </test-method> <!-- BuyOneItemTestCase -->
        <test-method is-config="true" signature="teardown()[pri:0, instance:Assignment.BuyOneItem@6b09fb41]" started-at="2024-07-28T00:50:11 BST" name="teardown" finished-at="2024-07-28T00:50:12 BST" duration-ms="286" status="PASS">
          <reporter-output>
          </reporter-output>
        </test-method> <!-- teardown -->
      </class> <!-- Assignment.BuyOneItem -->
    </test> <!-- Default test -->
  </suite> <!-- Default suite -->
</testng-results>
